[2023-07-30 23:29:10,663] 25 root - INFO - Data Ingestion method starts
[2023-07-30 23:29:11,264] 28 root - INFO - Dataset read as pandas Dataframe
[2023-07-30 23:29:13,513] 33 root - INFO - Train Test Split
[2023-07-30 23:29:16,212] 39 root - INFO - Ingestion of Dataset is completed
[2023-07-30 23:29:17,032] 71 root - INFO - Read Test and train data completed
[2023-07-30 23:29:17,065] 72 root - INFO - Train Dataframe Head : 
       id  carat        cut color clarity  depth  table     x     y     z  price
0   81800   0.34  Very Good     E     VS1   62.8   58.0  4.44  4.47  2.80    876
1   18060   0.31      Ideal     E      IF   61.8   56.0  4.36  4.39  2.71    949
2  113581   0.42      Ideal     G     VS1   62.4   55.0  4.78  4.80  2.99    921
3    2306   0.50  Very Good     F     VS1   60.0   59.0  5.16  5.21  3.12   1652
4    9969   0.50  Very Good     G     SI1   61.2   58.0  5.11  5.16  3.14   1191
[2023-07-30 23:29:17,077] 73 root - INFO - Test Dataframe Head : 
       id  carat        cut color clarity  depth  table     x     y     z  price
0  115116   1.55      Ideal     F     SI1   61.8   56.0  7.47  7.43  4.61  14321
1     694   0.31      Ideal     G      IF   62.0   55.0  4.30  4.34  2.68    871
2  169988   0.71      Ideal     G     VS1   61.3   56.0  5.71  5.76  3.51   2858
3   50736   0.26  Very Good     G     SI1   61.9   56.0  4.08  4.11  2.54    363
4  125223   0.53    Premium     H     VS2   61.7   58.0  5.19  5.21  3.21   1395
[2023-07-30 23:29:17,077] 74 root - INFO - Obtaining preprocessing object
[2023-07-30 23:29:17,077] 26 root - INFO - Getting data transformation initiated
[2023-07-30 23:29:17,077] 35 root - INFO - pipeline initiated
[2023-07-30 23:29:17,078] 60 root - INFO - pipeline completed
[2023-07-30 23:29:17,100] 88 root - INFO - Applying preprocessing object on training and testing datasets
[2023-07-30 23:29:18,074] 100 root - INFO - Preprocessing pickle file saved
