[2023-07-30 23:26:57,394] 25 root - INFO - Data Ingestion method starts
[2023-07-30 23:26:57,804] 28 root - INFO - Dataset read as pandas Dataframe
[2023-07-30 23:26:58,954] 33 root - INFO - Train Test Split
[2023-07-30 23:26:59,938] 39 root - INFO - Ingestion of Dataset is completed
[2023-07-30 23:27:00,187] 71 root - INFO - Read Test and train data completed
[2023-07-30 23:27:00,211] 72 root - INFO - Train Dataframe Head : 
       id  carat        cut color clarity  depth  table     x     y     z  price
0  131331   0.70      Ideal     H     SI1   61.3   56.0  5.70  5.75  3.52   2192
1  163905   0.71  Very Good     F     SI2   63.8   57.0  5.59  5.62  3.57   2096
2   47003   1.52      Ideal     G     SI1   59.2   59.0  7.38  7.48  4.42  10423
3   84451   2.21    Premium     J     SI2   60.6   59.0  8.47  8.43  5.11  14406
4  192181   1.01      Ideal     G     VS1   63.0   55.0  6.41  6.39  4.03   7059
[2023-07-30 23:27:00,216] 73 root - INFO - Test Dataframe Head : 
       id  carat        cut color clarity  depth  table     x     y     z  price
0   78263   0.75    Premium     F     SI2   62.4   57.0  5.83  5.77  3.62   2331
1  149308   0.90      Ideal     D     VS2   62.4   56.0  6.14  6.19  3.85   6157
2  136291   1.20      Ideal     G     VS1   62.5   56.0  6.78  6.75  4.23   8596
3   25394   0.31  Very Good     E     SI1   61.9   58.0  4.38  4.32  2.70    698
4  149668   0.31    Premium     D     SI2   62.1   59.0  4.36  4.33  2.70    593
[2023-07-30 23:27:00,216] 74 root - INFO - Obtaining preprocessing object
[2023-07-30 23:27:00,216] 26 root - INFO - Getting data transformation initiated
[2023-07-30 23:27:00,216] 35 root - INFO - pipeline initiated
[2023-07-30 23:27:00,216] 60 root - INFO - pipeline completed
[2023-07-30 23:27:00,245] 88 root - INFO - Applying preprocessing object on training and testing datasets
[2023-07-30 23:27:00,607] 100 root - INFO - Preprocessing pickle file saved
